0 info it worked if it ends with ok
1 verbose cli [ 'C:\\Program Files\\nodejs\\node.exe',
1 verbose cli   'C:\\Program Files\\nodejs\\node_modules\\npm\\bin\\npm-cli.js',
1 verbose cli   'run',
1 verbose cli   'watch' ]
2 info using npm@4.1.2
3 info using node@v7.7.3
4 verbose run-script [ 'prewatch', 'watch', 'postwatch' ]
5 info lifecycle extension-twitter-liked-image-to-google-drive@~prewatch: extension-twitter-liked-image-to-google-drive@
6 silly lifecycle extension-twitter-liked-image-to-google-drive@~prewatch: no script for prewatch, continuing
7 info lifecycle extension-twitter-liked-image-to-google-drive@~watch: extension-twitter-liked-image-to-google-drive@
8 verbose lifecycle extension-twitter-liked-image-to-google-drive@~watch: unsafe-perm in lifecycle true
9 verbose lifecycle extension-twitter-liked-image-to-google-drive@~watch: PATH: C:\Program Files\nodejs\node_modules\npm\bin\node-gyp-bin;C:\web\extension-twitter-liked-image-to-google-drive\node_modules\.bin;C:\Users\mo\AppData\Roaming\npm;C:\Program Files\nodejs\;C:\ProgramData\Oracle\Java\javapath;C:\WINDOWS\system32;C:\WINDOWS;C:\WINDOWS\System32\Wbem;C:\WINDOWS\System32\WindowsPowerShell\v1.0\;C:\Program Files (x86)\NVIDIA Corporation\PhysX\Common;C:\Program Files (x86)\Common Files\Adobe\AGL;C:\Program Files (x86)\Windows Live\Shared;C:\WINDOWS\system32;C:\WINDOWS;C:\WINDOWS\System32\Wbem;C:\WINDOWS\System32\WindowsPowerShell\v1.0\;C:\Program Files\Microsoft SQL Server\130\Tools\Binn\;C:\Program Files\Git\cmd;C:\Users\mo\AppData\Roaming\npm\node_modules\casperjs\bin;C:\Users\mo\AppData\Local\Programs\Python\Python36\Scripts\;C:\Users\mo\AppData\Local\Programs\Python\Python36\;C:\Users\mo\AppData\Local\Microsoft\WindowsApps;C:\Program Files\Heroku\bin;C:\Users\mo\AppData\Roaming\npm;
10 verbose lifecycle extension-twitter-liked-image-to-google-drive@~watch: CWD: C:\web\extension-twitter-liked-image-to-google-drive
11 silly lifecycle extension-twitter-liked-image-to-google-drive@~watch: Args: [ '/d /s /c', 'watch "npm run build" src/js' ]
12 verbose stack Error: kill ENOSYS
12 verbose stack     at exports._errnoException (util.js:1033:11)
12 verbose stack     at process.kill (internal/process.js:188:13)
12 verbose stack     at process.listener (C:\Program Files\nodejs\node_modules\npm\node_modules\npmlog\node_modules\gauge\node_modules\signal-exit\index.js:95:15)
12 verbose stack     at emitNone (events.js:86:13)
12 verbose stack     at process.emit (events.js:188:7)
12 verbose stack     at processEmit (C:\Program Files\nodejs\node_modules\npm\node_modules\npmlog\node_modules\gauge\node_modules\signal-exit\index.js:155:32)
12 verbose stack     at Signal.wrap.onsignal (internal/process.js:215:44)
13 verbose cwd C:\web\extension-twitter-liked-image-to-google-drive
14 error Windows_NT 10.0.15063
15 error argv "C:\\Program Files\\nodejs\\node.exe" "C:\\Program Files\\nodejs\\node_modules\\npm\\bin\\npm-cli.js" "run" "watch"
16 error node v7.7.3
17 error npm  v4.1.2
18 error code ENOSYS
19 error errno ENOSYS
20 error syscall kill
21 error kill ENOSYS
22 error If you need help, you may report this error at:
22 error     <https://github.com/npm/npm/issues>
23 verbose exit [ 1, true ]
